<?xml version="1.0" encoding="UTF-8"?>
<!-- Generated by org.testng.reporters.JUnitXMLReporter -->
<testsuite ignored="79" hostname="LAPTOP-8LQ1C4T7" failures="0" tests="1" name="Default test" time="4.191" errors="0" timestamp="2022-10-09T20:49:03 IST">
  <testcase classname="_Automation.Spotify.spotify" name="PetStore_Upload_Image" time="4.145"/>
  <testcase classname="_Automation.Spotify.spotify" name="get_Request_Get_a_Chapter" time="0.0">
    <ignored/>
  </testcase> <!-- get_Request_Get_a_Chapter -->
  <testcase classname="_Automation.Spotify.spotify" name="get_Request_Get_Playback_State" time="0.0">
    <ignored/>
  </testcase> <!-- get_Request_Get_Playback_State -->
  <testcase classname="_Automation.Spotify.spotify" name="put_Request_Pause_Playback" time="0.0">
    <ignored/>
  </testcase> <!-- put_Request_Pause_Playback -->
  <testcase classname="_Automation.Spotify.spotify" name="get_Request_Get_Several_Audiobooks" time="0.0">
    <ignored/>
  </testcase> <!-- get_Request_Get_Several_Audiobooks -->
  <testcase classname="_Automation.Spotify.spotify" name="get_Request_Get_Users_Saved_Shows" time="0.0">
    <ignored/>
  </testcase> <!-- get_Request_Get_Users_Saved_Shows -->
  <testcase classname="_Automation.Spotify.spotify" name="get_Request_Get_Artist" time="0.0">
    <ignored/>
  </testcase> <!-- get_Request_Get_Artist -->
  <testcase classname="_Automation.Spotify.spotify" name="get_Request_Get_Tracks_Audio_Features" time="0.0">
    <ignored/>
  </testcase> <!-- get_Request_Get_Tracks_Audio_Features -->
  <testcase classname="_Automation.Spotify.spotify" name="put_Request_Start_Resume_Playback" time="0.0">
    <ignored/>
  </testcase> <!-- put_Request_Start_Resume_Playback -->
  <testcase classname="_Automation.Spotify.spotify" name="delete_Request_Unfollow_Artists_or_Users" time="0.0">
    <ignored/>
  </testcase> <!-- delete_Request_Unfollow_Artists_or_Users -->
  <testcase classname="_Automation.Spotify.spotify" name="post_Request_Skip_To_Previous" time="0.0">
    <ignored/>
  </testcase> <!-- post_Request_Skip_To_Previous -->
  <testcase classname="_Automation.Spotify.spotify" name="put_Request_Save_Shows_for_Current_User" time="0.0">
    <ignored/>
  </testcase> <!-- put_Request_Save_Shows_for_Current_User -->
  <testcase classname="_Automation.Spotify.spotify" name="get_Request_Get_Single_Browse_Category" time="0.0">
    <ignored/>
  </testcase> <!-- get_Request_Get_Single_Browse_Category -->
  <testcase classname="_Automation.Spotify.spotify" name="get_Request_Get_Artists_Related_Artists" time="0.0">
    <ignored/>
  </testcase> <!-- get_Request_Get_Artists_Related_Artists -->
  <testcase classname="_Automation.Spotify.spotify" name="get_Request_Get_Artists_Top_Tracks" time="0.0">
    <ignored/>
  </testcase> <!-- get_Request_Get_Artists_Top_Tracks -->
  <testcase classname="_Automation.Spotify.spotify" name="Search_Method" time="0.0">
    <ignored/>
  </testcase> <!-- Search_Method -->
  <testcase classname="_Automation.Spotify.spotify" name="get_Request_Check_Saved_Albums" time="0.0">
    <ignored/>
  </testcase> <!-- get_Request_Check_Saved_Albums -->
  <testcase classname="_Automation.Spotify.spotify" name="get_Request_Get_an_Audiobook" time="0.0">
    <ignored/>
  </testcase> <!-- get_Request_Get_an_Audiobook -->
  <testcase classname="_Automation.Spotify.spotify" name="get_Request_Get_Playlist_Items" time="0.0">
    <ignored/>
  </testcase> <!-- get_Request_Get_Playlist_Items -->
  <testcase classname="_Automation.Spotify.spotify" name="put_Request_Set_Playback_Volume" time="0.0">
    <ignored/>
  </testcase> <!-- put_Request_Set_Playback_Volume -->
  <testcase classname="_Automation.Spotify.spotify" name="get_Request_Get_Album_Tracks" time="0.0">
    <ignored/>
  </testcase> <!-- get_Request_Get_Album_Tracks -->
  <testcase classname="_Automation.Spotify.spotify" name="put_Request_Change_Playlist_Details" time="0.0">
    <ignored/>
  </testcase> <!-- put_Request_Change_Playlist_Details -->
  <testcase classname="_Automation.Spotify.spotify" name="delete_Request_Remove_Users_Saved_Episodes" time="0.0">
    <ignored/>
  </testcase> <!-- delete_Request_Remove_Users_Saved_Episodes -->
  <testcase classname="_Automation.Spotify.spotify" name="get_Request_Get_Tracks_Audio_Features_ByID" time="0.0">
    <ignored/>
  </testcase> <!-- get_Request_Get_Tracks_Audio_Features_ByID -->
  <testcase classname="_Automation.Spotify.spotify" name="get_Request_Get_Recommendations" time="0.0">
    <ignored/>
  </testcase> <!-- get_Request_Get_Recommendations -->
  <testcase classname="_Automation.Spotify.spotify" name="get_Request_Get_Featured_Playlists" time="0.0">
    <ignored/>
  </testcase> <!-- get_Request_Get_Featured_Playlists -->
  <testcase classname="_Automation.Spotify.spotify" name="get_Request_Get_Recently_Played_Tracks" time="0.0">
    <ignored/>
  </testcase> <!-- get_Request_Get_Recently_Played_Tracks -->
  <testcase classname="_Automation.Spotify.spotify" name="put_Request_Save_Episodes_for_User" time="0.0">
    <ignored/>
  </testcase> <!-- put_Request_Save_Episodes_for_User -->
  <testcase classname="_Automation.Spotify.spotify" name="get_Request_Get_Users_Profile" time="0.0">
    <ignored/>
  </testcase> <!-- get_Request_Get_Users_Profile -->
  <testcase classname="_Automation.Spotify.spotify" name="get_Request_Get_Several_Episodes" time="0.0">
    <ignored/>
  </testcase> <!-- get_Request_Get_Several_Episodes -->
  <testcase classname="_Automation.Spotify.spotify" name="get_Request_Get_Available_Markets" time="0.0">
    <ignored/>
  </testcase> <!-- get_Request_Get_Available_Markets -->
  <testcase classname="_Automation.Spotify.spotify" name="get_Request_Get_Available_Genre_Seeds" time="0.0">
    <ignored/>
  </testcase> <!-- get_Request_Get_Available_Genre_Seeds -->
  <testcase classname="_Automation.Spotify.spotify" name="get_Request_Get_Artists_Albums" time="0.0">
    <ignored/>
  </testcase> <!-- get_Request_Get_Artists_Albums -->
  <testcase classname="_Automation.Spotify.spotify" name="get_Request_Get_Several_Shows" time="0.0">
    <ignored/>
  </testcase> <!-- get_Request_Get_Several_Shows -->
  <testcase classname="_Automation.Spotify.spotify" name="get_Request_Get_the_Users_Queue" time="0.0">
    <ignored/>
  </testcase> <!-- get_Request_Get_the_Users_Queue -->
  <testcase classname="_Automation.Spotify.spotify" name="post_Request_Add_playlist" time="0.0">
    <ignored/>
  </testcase> <!-- post_Request_Add_playlist -->
  <testcase classname="_Automation.Spotify.spotify" name="delete_Request_Remove_Users_Saved_Shows" time="0.0">
    <ignored/>
  </testcase> <!-- delete_Request_Remove_Users_Saved_Shows -->
  <testcase classname="_Automation.Spotify.spotify" name="post_Request_Skip_To_Next" time="0.0">
    <ignored/>
  </testcase> <!-- post_Request_Skip_To_Next -->
  <testcase classname="_Automation.Spotify.spotify" name="get_Request_Get_Available_Devices" time="0.0">
    <ignored/>
  </testcase> <!-- get_Request_Get_Available_Devices -->
  <testcase classname="_Automation.Spotify.spotify" name="post_Request_Add_Item_to_Playback_Queue" time="0.0">
    <ignored/>
  </testcase> <!-- post_Request_Add_Item_to_Playback_Queue -->
  <testcase classname="_Automation.Spotify.spotify" name="get_Request_Check_If_User_Follows_Artists_or_Users" time="0.0">
    <ignored/>
  </testcase> <!-- get_Request_Check_If_User_Follows_Artists_or_Users -->
  <testcase classname="_Automation.Spotify.spotify" name="get_Request_Get_Saved_Albums" time="0.0">
    <ignored/>
  </testcase> <!-- get_Request_Get_Saved_Albums -->
  <testcase classname="_Automation.Spotify.spotify" name="delete_Request_Remove_Albums" time="0.0">
    <ignored/>
  </testcase> <!-- delete_Request_Remove_Albums -->
  <testcase classname="_Automation.Spotify.spotify" name="put_Request_Set_Repeat_Mode" time="0.0">
    <ignored/>
  </testcase> <!-- put_Request_Set_Repeat_Mode -->
  <testcase classname="_Automation.Spotify.spotify" name="get_Request_Get_Track" time="0.0">
    <ignored/>
  </testcase> <!-- get_Request_Get_Track -->
  <testcase classname="_Automation.Spotify.spotify" name="get_Request_Get_Several_Chapters" time="0.0">
    <ignored/>
  </testcase> <!-- get_Request_Get_Several_Chapters -->
  <testcase classname="_Automation.Spotify.spotify" name="put_Request_Follow_Artists_or_Users" time="0.0">
    <ignored/>
  </testcase> <!-- put_Request_Follow_Artists_or_Users -->
  <testcase classname="_Automation.Spotify.spotify" name="get_Request_Get_Currently_Playing_Track" time="0.0">
    <ignored/>
  </testcase> <!-- get_Request_Get_Currently_Playing_Track -->
  <testcase classname="_Automation.Spotify.spotify" name="get_Request_Get_Show_ByID" time="0.0">
    <ignored/>
  </testcase> <!-- get_Request_Get_Show_ByID -->
  <testcase classname="_Automation.Spotify.spotify" name="get_Request_Get_Categorys_Playlists" time="0.0">
    <ignored/>
  </testcase> <!-- get_Request_Get_Categorys_Playlists -->
  <testcase classname="_Automation.Spotify.spotify" name="put_Request_Save_Albums" time="0.0">
    <ignored/>
  </testcase> <!-- put_Request_Save_Albums -->
  <testcase classname="_Automation.Spotify.spotify" name="post_Request_Add_Playlist_items" time="0.0">
    <ignored/>
  </testcase> <!-- post_Request_Add_Playlist_items -->
  <testcase classname="_Automation.Spotify.spotify" name="get_Request_Get_Several_Albums" time="0.0">
    <ignored/>
  </testcase> <!-- get_Request_Get_Several_Albums -->
  <testcase classname="_Automation.Spotify.spotify" name="put_Request_Transfer_Playback" time="0.0">
    <ignored/>
  </testcase> <!-- put_Request_Transfer_Playback -->
  <testcase classname="_Automation.Spotify.spotify" name="get_Request_Playlist_Cover_Image" time="0.0">
    <ignored/>
  </testcase> <!-- get_Request_Playlist_Cover_Image -->
  <testcase classname="_Automation.Spotify.spotify" name="put_Request_Seek_To_Position" time="0.0">
    <ignored/>
  </testcase> <!-- put_Request_Seek_To_Position -->
  <testcase classname="_Automation.Spotify.spotify" name="get_Request_User_Playlist" time="0.0">
    <ignored/>
  </testcase> <!-- get_Request_User_Playlist -->
  <testcase classname="_Automation.Spotify.spotify" name="get_Request_Get_Episode" time="0.0">
    <ignored/>
  </testcase> <!-- get_Request_Get_Episode -->
  <testcase classname="_Automation.Spotify.spotify" name="put_Request_Save_Tracks_for_Current_User" time="0.0">
    <ignored/>
  </testcase> <!-- put_Request_Save_Tracks_for_Current_User -->
  <testcase classname="_Automation.Spotify.spotify" name="delete_Request_Unfollow_Playlist" time="0.0">
    <ignored/>
  </testcase> <!-- delete_Request_Unfollow_Playlist -->
  <testcase classname="_Automation.Spotify.spotify" name="get_Request_Get_Users_Top_Items" time="0.0">
    <ignored/>
  </testcase> <!-- get_Request_Get_Users_Top_Items -->
  <testcase classname="_Automation.Spotify.spotify" name="get_Request_Get_Several_Browse_Categories" time="0.0">
    <ignored/>
  </testcase> <!-- get_Request_Get_Several_Browse_Categories -->
  <testcase classname="_Automation.Spotify.spotify" name="get_Request_Check_Users_Saved_Tracks" time="0.0">
    <ignored/>
  </testcase> <!-- get_Request_Check_Users_Saved_Tracks -->
  <testcase classname="_Automation.Spotify.spotify" name="get_Request_Get_Album" time="0.0">
    <ignored/>
  </testcase> <!-- get_Request_Get_Album -->
  <testcase classname="_Automation.Spotify.spotify" name="get_Request_Playlist_ByID" time="0.0">
    <ignored/>
  </testcase> <!-- get_Request_Playlist_ByID -->
  <testcase classname="_Automation.Spotify.spotify" name="put_Request_Follow_Playlist" time="0.0">
    <ignored/>
  </testcase> <!-- put_Request_Follow_Playlist -->
  <testcase classname="_Automation.Spotify.spotify" name="get_Request_Get_Users_Saved_Episodes" time="0.0">
    <ignored/>
  </testcase> <!-- get_Request_Get_Users_Saved_Episodes -->
  <testcase classname="_Automation.Spotify.spotify" name="get_Request_Get_Tracks_Audio_Analysis" time="0.0">
    <ignored/>
  </testcase> <!-- get_Request_Get_Tracks_Audio_Analysis -->
  <testcase classname="_Automation.Spotify.spotify" name="put_Request_Update_Playlist_Items" time="0.0">
    <ignored/>
  </testcase> <!-- put_Request_Update_Playlist_Items -->
  <testcase classname="_Automation.Spotify.spotify" name="get_Request_Check_if_Users_Follow_Playlist" time="0.0">
    <ignored/>
  </testcase> <!-- get_Request_Check_if_Users_Follow_Playlist -->
  <testcase classname="_Automation.Spotify.spotify" name="put_Request_Toggle_Playback_Shuffle" time="0.0">
    <ignored/>
  </testcase> <!-- put_Request_Toggle_Playback_Shuffle -->
  <testcase classname="_Automation.Spotify.spotify" name="get_Request_Current_Users_Playlists" time="0.0">
    <ignored/>
  </testcase> <!-- get_Request_Current_Users_Playlists -->
  <testcase classname="_Automation.Spotify.spotify" name="delete_Request_Remove_Tracks_for_Current_User" time="0.0">
    <ignored/>
  </testcase> <!-- delete_Request_Remove_Tracks_for_Current_User -->
  <testcase classname="_Automation.Spotify.spotify" name="get_Request_Get_Current_Users_Profile" time="0.0">
    <ignored/>
  </testcase> <!-- get_Request_Get_Current_Users_Profile -->
  <testcase classname="_Automation.Spotify.spotify" name="get_Request_Get_Show_Episodes" time="0.0">
    <ignored/>
  </testcase> <!-- get_Request_Get_Show_Episodes -->
  <testcase classname="_Automation.Spotify.spotify" name="get_Request_Get_Followed_Artists" time="0.0">
    <ignored/>
  </testcase> <!-- get_Request_Get_Followed_Artists -->
  <testcase classname="_Automation.Spotify.spotify" name="get_Request_Get_New_Releases" time="0.0">
    <ignored/>
  </testcase> <!-- get_Request_Get_New_Releases -->
  <testcase classname="_Automation.Spotify.spotify" name="get_Request_Get_Several_Tracks" time="0.0">
    <ignored/>
  </testcase> <!-- get_Request_Get_Several_Tracks -->
  <testcase classname="_Automation.Spotify.spotify" name="get_Request_Get_Several_Artists" time="0.0">
    <ignored/>
  </testcase> <!-- get_Request_Get_Several_Artists -->
  <testcase classname="_Automation.Spotify.spotify" name="get_Request_Check_Users_Saved_Episodes" time="0.0">
    <ignored/>
  </testcase> <!-- get_Request_Check_Users_Saved_Episodes -->
</testsuite> <!-- Default test -->
