<?xml version="1.0" encoding="UTF-8"?>
<testng-results ignored="79" total="80" passed="1" failed="0" skipped="0">
  <reporter-output>
  </reporter-output>
  <suite started-at="2022-10-09T20:48:59 IST" name="Default suite" finished-at="2022-10-09T20:49:03 IST" duration-ms="4191">
    <groups>
    </groups>
    <test started-at="2022-10-09T20:48:59 IST" name="Default test" finished-at="2022-10-09T20:49:03 IST" duration-ms="4191">
      <class name="_Automation.Spotify.spotify">
        <test-method signature="PetStore_Upload_Image()[pri:0, instance:_Automation.Spotify.spotify@1700915]" started-at="2022-10-09T20:48:59 IST" name="PetStore_Upload_Image" finished-at="2022-10-09T20:49:03 IST" duration-ms="4145" status="PASS">
          <reporter-output>
          </reporter-output>
        </test-method> <!-- PetStore_Upload_Image -->
      </class> <!-- _Automation.Spotify.spotify -->
    </test> <!-- Default test -->
  </suite> <!-- Default suite -->
</testng-results>
